flashWidget_Toggle/build/outputs/apk/manifest-merger-debug-report.txt
-- Merging decision tree log ---
manifest
ADDED from AndroidManifest.xml:2:1
	package
		ADDED from AndroidManifest.xml:3:7
		INJECTED from AndroidManifest.xml:0:0
		INJECTED from AndroidManifest.xml:0:0
	android:versionName
		ADDED from AndroidManifest.xml:5:7
	android:versionCode
		ADDED from AndroidManifest.xml:4:7
		INJECTED from AndroidManifest.xml:0:0
		INJECTED from AndroidManifest.xml:0:0
	xmlns:android
		ADDED from AndroidManifest.xml:2:11
uses-sdk
ADDED from AndroidManifest.xml:6:5
	android:targetSdkVersion
		INJECTED from AndroidManifest.xml:0:0
		INJECTED from AndroidManifest.xml:0:0
	android:minSdkVersion
		ADDED from AndroidManifest.xml:6:15
		INJECTED from AndroidManifest.xml:0:0
		INJECTED from AndroidManifest.xml:0:0
application
ADDED from AndroidManifest.xml:7:5
	android:label
		ADDED from AndroidManifest.xml:8:18
	android:icon
		ADDED from AndroidManifest.xml:7:18
receiver#com.flash.widget.FlashWidgetActivity
ADDED from AndroidManifest.xml:9:9
	android:label
		ADDED from AndroidManifest.xml:10:19
	android:name
		ADDED from AndroidManifest.xml:9:19
intent-filter#android.appwidget.action.APPWIDGET_UPDATE+com.flash.widget.OFF+com.flash.widget.ON
ADDED from AndroidManifest.xml:11:13
action#android.appwidget.action.APPWIDGET_UPDATE
ADDED from AndroidManifest.xml:12:18
	android:name
		ADDED from AndroidManifest.xml:12:26
action#com.flash.widget.ON
ADDED from AndroidManifest.xml:13:18
	android:name
		ADDED from AndroidManifest.xml:13:26
action#com.flash.widget.OFF
ADDED from AndroidManifest.xml:14:18
	android:name
		ADDED from AndroidManifest.xml:14:26
meta-data#android.appwidget.provider
ADDED from AndroidManifest.xml:16:13
	android:resource
		ADDED from AndroidManifest.xml:18:14
	android:name
		ADDED from AndroidManifest.xml:17:14